<?xml version="1.0" encoding="UTF-8" ?>
<testsuite errors="0" failures="0" hostname="leiwxp" name="com.thoughtworks.mars.model.behavior.MoveForwardTest" tests="4" time="0.313" timestamp="2012-02-19T16:18:03">
  <properties>
    <property name="java.vendor" value="Sun Microsystems Inc." />
    <property name="lib.dir" value="lib" />
    <property name="sun.java.launcher" value="SUN_STANDARD" />
    <property name="sun.management.compiler" value="HotSpot Client Compiler" />
    <property name="docs.dir" value="docs" />
    <property name="os.name" value="Windows XP" />
    <property name="sun.boot.class.path" value="D:\Tools\Dev\jdk1.6.0_24\jre\lib\resources.jar;D:\Tools\Dev\jdk1.6.0_24\jre\lib\rt.jar;D:\Tools\Dev\jdk1.6.0_24\jre\lib\sunrsasign.jar;D:\Tools\Dev\jdk1.6.0_24\jre\lib\jsse.jar;D:\Tools\Dev\jdk1.6.0_24\jre\lib\jce.jar;D:\Tools\Dev\jdk1.6.0_24\jre\lib\charsets.jar;D:\Tools\Dev\jdk1.6.0_24\jre\lib\modules\jdk.boot.jar;D:\Tools\Dev\jdk1.6.0_24\jre\classes" />
    <property name="sun.desktop" value="windows" />
    <property name="java.vm.specification.vendor" value="Sun Microsystems Inc." />
    <property name="ant.home" value="D:\Tools\Dev\apache-ant-1.8.2" />
    <property name="java.runtime.version" value="1.6.0_24-b07" />
    <property name="testbuild.dir" value=".testclasses" />
    <property name="user.name" value="ibmsz" />
    <property name="mars.root" value="../.." />
    <property name="build.dir" value="bin" />
    <property name="testsrc.dir" value="test" />
    <property name="user.language" value="zh" />
    <property name="sun.boot.library.path" value="D:\Tools\Dev\jdk1.6.0_24\jre\bin" />
    <property name="ant.project.default-target" value="usage" />
    <property name="ant.project.name" value="mars" />
    <property name="java.version" value="1.6.0_24" />
    <property name="user.timezone" value="" />
    <property name="sun.arch.data.model" value="32" />
    <property name="java.endorsed.dirs" value="D:\Tools\Dev\jdk1.6.0_24\jre\lib\endorsed" />
    <property name="sun.cpu.isalist" value="pentium_pro+mmx pentium_pro pentium+mmx pentium i486 i386 i86" />
    <property name="sun.jnu.encoding" value="GBK" />
    <property name="file.encoding.pkg" value="sun.io" />
    <property name="file.separator" value="\" />
    <property name="java.specification.name" value="Java Platform API Specification" />
    <property name="java.class.version" value="50.0" />
    <property name="user.country" value="CN" />
    <property name="java.home" value="D:\Tools\Dev\jdk1.6.0_24\jre" />
    <property name="dist.dir" value="dist" />
    <property name="java.vm.info" value="mixed mode, sharing" />
    <property name="ant.file" value="D:\mars\build.xml" />
    <property name="os.version" value="5.1" />
    <property name="path.separator" value=";" />
    <property name="java.vm.version" value="19.1-b02" />
    <property name="user.variant" value="" />
    <property name="ant.library.dir" value="D:\Tools\Dev\apache-ant-1.8.2\lib" />
    <property name="java.awt.printerjob" value="sun.awt.windows.WPrinterJob" />
    <property name="sun.io.unicode.encoding" value="UnicodeLittle" />
    <property name="awt.toolkit" value="sun.awt.windows.WToolkit" />
    <property name="user.home" value="C:\Documents and Settings\ibmsz" />
    <property name="java.specification.vendor" value="Sun Microsystems Inc." />
    <property name="java.library.path" value="D:\Tools\Dev\jdk1.6.0_24\jre\bin;.;C:\WINDOWS\Sun\Java\bin;C:\WINDOWS\system32;C:\WINDOWS;C:\Program Files\Borland\Delphi7\Bin;C:\Program Files\Borland\Delphi7\Projects\Bpl\;C:\WINDOWS\system32;C:\WINDOWS;C:\WINDOWS\System32\Wbem;C:\Program Files\ThinkPad\ConnectUtilities;C:\Program Files\Common Files\Lenovo;C:\Program Files\Intel\WiFi\bin\;C:\Program Files\Microsoft SQL Server\80\Tools\BINN;D:\work\wamp\bin\mysql\mysql5.1.33\bin;D:\Tools\Dev\jdk1.6.0_24\bin;D:\Tools\Dev\TortoiseSVN\bin;C:\Program Files\Common Files\Thunder Network\KanKan\Codecs;D:\Tools\Dev\grails-2.0.0\bin;D:\Tools\Dev\groovy-1.7.10\bin;D:\Tools\App\WinRAR;D:\Tools\App\unzip\bin;D:\Tools\Dev\apache-tomcat-6.0.32\bin;D:\Tools\Dev\groovy-1.7.10\bin;D:\Tools\Dev\apache-ant-1.8.2\bin" />
    <property name="name" value="mars" />
    <property name="java.vendor.url" value="http://java.sun.com/" />
    <property name="java.vm.vendor" value="Sun Microsystems Inc." />
    <property name="java.runtime.name" value="Java(TM) SE Runtime Environment" />
    <property name="java.class.path" value="D:\mars\bin;D:\mars\src;D:\mars\.testclasses;D:\mars\test;D:\mars\lib\junit-4.10.jar;D:\mars;D:\Tools\Dev\jdk1.6.0_24\lib\dt.jar;D:\Tools\Dev\jdk1.6.0_24\lib\tools.jar;D:\Tools\Dev\apache-ant-1.8.2\lib\ant-launcher.jar;D:\Tools\Dev\apache-ant-1.8.2\lib\ant.jar;D:\Tools\Dev\apache-ant-1.8.2\lib\ant-junit.jar;D:\Tools\Dev\apache-ant-1.8.2\lib\ant-junit4.jar" />
    <property name="ant.version" value="Apache Ant(TM) version 1.8.2 compiled on December 20 2010" />
    <property name="testhtml.dir" value="junit-reports/html" />
    <property name="java.vm.specification.name" value="Java Virtual Machine Specification" />
    <property name="ant.file.type" value="file" />
    <property name="java.vm.specification.version" value="1.0" />
    <property name="sun.cpu.endian" value="little" />
    <property name="sun.os.patch.level" value="Service Pack 3" />
    <property name="java.io.tmpdir" value="C:\DOCUME~1\ibmsz\LOCALS~1\Temp\" />
    <property name="junit.present" value="true" />
    <property name="java.vendor.url.bug" value="http://java.sun.com/cgi-bin/bugreport.cgi" />
    <property name="os.arch" value="x86" />
    <property name="java.awt.graphicsenv" value="sun.awt.Win32GraphicsEnvironment" />
    <property name="java.ext.dirs" value="D:\Tools\Dev\jdk1.6.0_24\jre\lib\ext;C:\WINDOWS\Sun\Java\lib\ext" />
    <property name="user.dir" value="D:\mars" />
    <property name="line.separator" value="&#xd;&#xa;" />
    <property name="java.vm.name" value="Java HotSpot(TM) Client VM" />
    <property name="basedir" value="D:\mars" />
    <property name="ant.file.mars" value="D:\mars\build.xml" />
    <property name="ant.java.version" value="1.6" />
    <property name="ant.core.lib" value="D:\Tools\Dev\apache-ant-1.8.2\lib\ant.jar" />
    <property name="ant.file.type.mars" value="file" />
    <property name="file.encoding" value="GBK" />
    <property name="testreports.dir" value="junit-reports" />
    <property name="java.specification.version" value="1.6" />
    <property name="src.dir" value="src" />
    <property name="ant.project.invoked-targets" value="all" />
  </properties>
  <testcase classname="com.thoughtworks.mars.model.behavior.MoveForwardTest" name="should_get_north_x2y4_after_moveforward_from_north_x2y3" time="0.031" />
  <testcase classname="com.thoughtworks.mars.model.behavior.MoveForwardTest" name="should_get_west_x1y3_after_moveforward_from_west_x2y3" time="0.0" />
  <testcase classname="com.thoughtworks.mars.model.behavior.MoveForwardTest" name="should_get_east_x3y3_after_moveforward_from_east_x2y3" time="0.0" />
  <testcase classname="com.thoughtworks.mars.model.behavior.MoveForwardTest" name="should_get_south_x2y2_after_moveforward_from_south_x2y3" time="0.016" />
  <system-out><![CDATA[]]></system-out>
  <system-err><![CDATA[]]></system-err>
</testsuite>
